<?xml version="1.0" encoding="UTF-8"?>
<!-- Generated by org.testng.reporters.JUnitReportReporter -->
<testsuite hostname="DESKTOP-3HIQELK" failures="0" tests="1" name="demotest.LoginTest1" time="0.614" errors="0" timestamp="26 Apr 2024 18:03:33 GMT">
  <testcase classname="demotest.LoginTest1" name="Test_valid_Login" time="0.614"/>
</testsuite> <!-- demotest.LoginTest1 -->
